[35m[Appium][39m Welcome to Appium v1.22.3
[35m[Appium][39m Non-default server args:
[35m[Appium][39m   port: 50740
[35m[Appium][39m   loglevel: info
[35m[Appium][39m   tmpDir: C:\Users\SRIVAC~1\AppData\Local\Temp\\Katalon\Appium\Temp1687841918895
[35m[Appium][39m   chromedriverPort: 50742
[35m[Appium][39m Deprecated server args:
[35m[Appium][39m   [31m--chromedriver-port[39m => --default-capabilities
[35m[Appium][39m Default capabilities, which will be added to each request unless overridden by desired capabilities:
[35m[Appium][39m   chromedriverPort: 50742
[35m[Appium][39m Appium REST http interface listener started on 0.0.0.0:50740
[35m[HTTP][39m [37m-->[39m [37mGET[39m [37m/wd/hub/status[39m
[35m[HTTP][39m [90m{}[39m
[35m[HTTP][39m [37m<-- GET /wd/hub/status [39m[32m200[39m [90m5 ms - 68[39m
[35m[HTTP][39m [90m[39m
[35m[HTTP][39m [37m-->[39m [37mGET[39m [37m/wd/hub/status[39m
[35m[HTTP][39m [90m{}[39m
[35m[HTTP][39m [37m<-- GET /wd/hub/status [39m[32m200[39m [90m1 ms - 68[39m
[35m[HTTP][39m [90m[39m
[35m[HTTP][39m [37m-->[39m [37mPOST[39m [37m/wd/hub/session[39m
[35m[HTTP][39m [90m{"desiredCapabilities":{"appPackage":"com.android.settings","deviceId":"emulator-5558","deviceName":"emulator-5554 (sdk_gphone_x86 - Android 11)","platform":"ANDROID","appActivity":".Settings","newCommandTimeout":1800,"platformVersion":"11","automationName":"uiautomator2","autoGrantPermissions":true,"platformName":"Android","udid":"emulator-5554","systemPort":8216},"capabilities":{"firstMatch":[{"appium:appActivity":".Settings","appium:appPackage":"com.android.settings","appium:autoGrantPermissions":true,"appium:automationName":"uiautomator2","deviceId":"emulator-5558","appium:deviceName":"emulator-5554 (sdk_gphone_x86 - Android 11)","appium:newCommandTimeout":1800,"platform":"ANDROID","platformName":"android","appium:platformVersion":"11","appium:systemPort":8216,"appium:udid":"emulator-5554"}]}}[39m
[35m[BaseDriver][39m The following capabilities are not standard capabilities and should have an extension prefix:
[35m[BaseDriver][39m   deviceId
[35m[BaseDriver][39m   platform
[35m[BaseDriver][39m   chromedriverPort
[35m[Appium][39m Appium v1.22.3 creating new AndroidUiautomator2Driver (v1.70.1) session
[35m[BaseDriver][39m The following capabilities were provided, but are not recognized by Appium:
[35m[BaseDriver][39m   deviceId
[35m[BaseDriver][39m   platform
[35m[BaseDriver][39m Session created with session id: 362f5878-5387-4933-a289-d1e9543046d0
[35m[UiAutomator2][39m Starting 'com.android.settings' directly on the device
[35m[ADB][39m Found 1 'build-tools' folders under 'C:\Users\Srivachan A\.katalon\tools\android_sdk' (newest first):
[35m[ADB][39m     C:/Users/Srivachan A/.katalon/tools/android_sdk/build-tools/29.0.3
[35m[ADB][39m Using 'adb.exe' from 'C:\Users\Srivachan A\.katalon\tools\android_sdk\platform-tools\adb.exe'
[35m[AndroidDriver][39m Retrieving device list
[35m[AndroidDriver][39m Using device: emulator-5554
[35m[ADB][39m Using 'adb.exe' from 'C:\Users\Srivachan A\.katalon\tools\android_sdk\platform-tools\adb.exe'
[35m[ADB][39m Getting device platform version
[35m[UiAutomator2][39m Relaxing hidden api policy
[35m[AndroidDriver][39m No app sent in, not parsing package/activity
[35m[ADB][39m Using 'apksigner.jar' from 'C:\Users\Srivachan A\.katalon\tools\android_sdk\build-tools\29.0.3\lib\apksigner.jar'
[35m[ADB][39m 'C:\Users\Srivachan A\AppData\Roaming\npm\node_modules\appium\node_modules\appium-uiautomator2-server\apks\appium-uiautomator2-server-v4.27.0.apk' is signed with the default certificate
[35m[ADB][39m 'C:\Users\Srivachan A\AppData\Roaming\npm\node_modules\appium\node_modules\appium-uiautomator2-server\apks\appium-uiautomator2-server-debug-androidTest.apk' is signed with the default certificate
[35m[UiAutomator2][39m Server packages are not going to be (re)installed
[35m[ADB][39m Adding packages ["io.appium.settings","io.appium.uiautomator2.server","io.appium.uiautomator2.server.test"] to Doze whitelist
[35m[UiAutomator2][39m Starting UIAutomator2 server 4.27.0
[35m[UiAutomator2][39m Using UIAutomator2 server from 'C:\Users\Srivachan A\AppData\Roaming\npm\node_modules\appium\node_modules\appium-uiautomator2-server\apks\appium-uiautomator2-server-v4.27.0.apk' and test from 'C:\Users\Srivachan A\AppData\Roaming\npm\node_modules\appium\node_modules\appium-uiautomator2-server\apks\appium-uiautomator2-server-debug-androidTest.apk'
[35m[UiAutomator2][39m Waiting up to 30000ms for UiAutomator2 to be online...
[35m[WD Proxy][39m socket hang up
[35m[WD Proxy][39m socket hang up
[35m[WD Proxy][39m socket hang up
[35m[WD Proxy][39m socket hang up
[35m[WD Proxy][39m socket hang up
[35m[WD Proxy][39m socket hang up
[35m[WD Proxy][39m socket hang up
[35m[WD Proxy][39m socket hang up
[35m[WD Proxy][39m socket hang up
[35m[WD Proxy][39m socket hang up
[35m[WD Proxy][39m Determined the downstream protocol as 'W3C'
[35m[AndroidDriver][39m Screen already unlocked, doing nothing
[35m[UiAutomator2][39m Starting 'com.android.settings/.Settings and waiting for 'com.android.settings/.Settings'
[35m[Appium][39m New AndroidUiautomator2Driver session created successfully, session 362f5878-5387-4933-a289-d1e9543046d0 added to master session list
[35m[HTTP][39m [37m<-- POST /wd/hub/session [39m[32m200[39m [90m23515 ms - 1238[39m
[35m[HTTP][39m [90m[39m
[35m[HTTP][39m [37m-->[39m [37mGET[39m [37m/wd/hub/session/362f5878-5387-4933-a289-d1e9543046d0[39m
[35m[HTTP][39m [90m{}[39m
[35m[HTTP][39m [37m<-- GET /wd/hub/session/362f5878-5387-4933-a289-d1e9543046d0 [39m[32m200[39m [90m97 ms - 1192[39m
[35m[HTTP][39m [90m[39m
[35m[HTTP][39m [37m-->[39m [37mGET[39m [37m/wd/hub/session/362f5878-5387-4933-a289-d1e9543046d0[39m
[35m[HTTP][39m [90m{}[39m
[35m[HTTP][39m [37m<-- GET /wd/hub/session/362f5878-5387-4933-a289-d1e9543046d0 [39m[32m200[39m [90m76 ms - 1192[39m
[35m[HTTP][39m [90m[39m
[35m[HTTP][39m [37m-->[39m [37mGET[39m [37m/wd/hub/status[39m
[35m[HTTP][39m [90m{}[39m
[35m[HTTP][39m [37m<-- GET /wd/hub/status [39m[32m200[39m [90m0 ms - 68[39m
[35m[HTTP][39m [90m[39m
[35m[HTTP][39m [37m-->[39m [37mPOST[39m [37m/wd/hub/session/362f5878-5387-4933-a289-d1e9543046d0/timeouts[39m
[35m[HTTP][39m [90m{"implicit":60000}[39m
[35m[HTTP][39m [37m<-- POST /wd/hub/session/362f5878-5387-4933-a289-d1e9543046d0/timeouts [39m[32m200[39m [90m2 ms - 14[39m
[35m[HTTP][39m [90m[39m
[35m[HTTP][39m [37m-->[39m [37mGET[39m [37m/wd/hub/session/362f5878-5387-4933-a289-d1e9543046d0/screenshot[39m
[35m[HTTP][39m [90m{}[39m
[35m[HTTP][39m [37m<-- GET /wd/hub/session/362f5878-5387-4933-a289-d1e9543046d0/screenshot [39m[32m200[39m [90m1679 ms - 232744[39m
[35m[HTTP][39m [90m[39m
[35m[HTTP][39m [37m-->[39m [37mGET[39m [37m/wd/hub/session/362f5878-5387-4933-a289-d1e9543046d0/window/rect[39m
[35m[HTTP][39m [90m{}[39m
[35m[HTTP][39m [37m<-- GET /wd/hub/session/362f5878-5387-4933-a289-d1e9543046d0/window/rect [39m[32m200[39m [90m15 ms - 50[39m
[35m[HTTP][39m [90m[39m
[35m[HTTP][39m [37m-->[39m [37mGET[39m [37m/wd/hub/session/362f5878-5387-4933-a289-d1e9543046d0/appium/device/system_bars[39m
[35m[HTTP][39m [90m{}[39m
[35m[HTTP][39m [37m<-- GET /wd/hub/session/362f5878-5387-4933-a289-d1e9543046d0/appium/device/system_bars [39m[32m200[39m [90m135 ms - 148[39m
[35m[HTTP][39m [90m[39m
[35m[HTTP][39m [37m-->[39m [37mPOST[39m [37m/wd/hub/session/362f5878-5387-4933-a289-d1e9543046d0/appium/device/activate_app[39m
[35m[HTTP][39m [90m{"bundleId":"com.fortysevendeg.android.swipelistview"}[39m
[35m[HTTP][39m [37m<-- POST /wd/hub/session/362f5878-5387-4933-a289-d1e9543046d0/appium/device/activate_app [39m[32m200[39m [90m921 ms - 14[39m
[35m[HTTP][39m [90m[39m
[35m[HTTP][39m [37m-->[39m [37mGET[39m [37m/wd/hub/session/362f5878-5387-4933-a289-d1e9543046d0/source[39m
[35m[HTTP][39m [90m{}[39m
[35m[W3C (362f5878)][39m Driver proxy active, passing request on via HTTP proxy
[35m[WD Proxy][39m Replacing sessionId f46f0cbd-6fa0-4ed6-aec3-efa2a8f79724 with 362f5878-5387-4933-a289-d1e9543046d0
[35m[HTTP][39m [37m<-- GET /wd/hub/session/362f5878-5387-4933-a289-d1e9543046d0/source [39m[32m200[39m [90m2487 ms - 41126[39m
[35m[HTTP][39m [90m[39m
[35m[HTTP][39m [37m-->[39m [37mGET[39m [37m/wd/hub/session/362f5878-5387-4933-a289-d1e9543046d0/screenshot[39m
[35m[HTTP][39m [90m{}[39m
[35m[HTTP][39m [37m<-- GET /wd/hub/session/362f5878-5387-4933-a289-d1e9543046d0/screenshot [39m[32m200[39m [90m575 ms - 341272[39m
[35m[HTTP][39m [90m[39m
[35m[HTTP][39m [37m-->[39m [37mPOST[39m [37m/wd/hub/session/362f5878-5387-4933-a289-d1e9543046d0/elements[39m
[35m[HTTP][39m [90m{"using":"xpath","value":"//*[@class = 'android.widget.ImageView' and @resource-id = 'com.fortysevendeg.android.swipelistview:id/example_row_iv_image' and (@text = '' or . = '')]"}[39m
[35m[HTTP][39m [37m<-- POST /wd/hub/session/362f5878-5387-4933-a289-d1e9543046d0/elements [39m[32m200[39m [90m1525 ms - 1035[39m
[35m[HTTP][39m [90m[39m
[35m[HTTP][39m [37m-->[39m [37mPOST[39m [37m/wd/hub/session/362f5878-5387-4933-a289-d1e9543046d0/elements[39m
[35m[HTTP][39m [90m{"using":"id","value":"com.fortysevendeg.android.swipelistview:id/example_row_iv_image"}[39m
[35m[HTTP][39m [37m<-- POST /wd/hub/session/362f5878-5387-4933-a289-d1e9543046d0/elements [39m[32m200[39m [90m84 ms - 1035[39m
[35m[HTTP][39m [90m[39m
[35m[HTTP][39m [37m-->[39m [37mPOST[39m [37m/wd/hub/session/362f5878-5387-4933-a289-d1e9543046d0/elements[39m
[35m[HTTP][39m [90m{"using":"-android uiautomator","value":"new UiSelector().className(\"android.widget.ImageView\").resourceId(\"com.fortysevendeg.android.swipelistview:id/example_row_iv_image\")"}[39m
[35m[HTTP][39m [37m<-- POST /wd/hub/session/362f5878-5387-4933-a289-d1e9543046d0/elements [39m[32m200[39m [90m356 ms - 1035[39m
[35m[HTTP][39m [90m[39m
[35m[HTTP][39m [37m-->[39m [37mPOST[39m [37m/wd/hub/session/362f5878-5387-4933-a289-d1e9543046d0/elements[39m
[35m[HTTP][39m [90m{"using":"xpath","value":"//*[@class = 'android.widget.TextView' and (@text = 'YouTube Music' or . = 'YouTube Music') and @resource-id = 'com.fortysevendeg.android.swipelistview:id/example_row_tv_title']"}[39m
[35m[HTTP][39m [37m<-- POST /wd/hub/session/362f5878-5387-4933-a289-d1e9543046d0/elements [39m[32m200[39m [90m386 ms - 139[39m
[35m[HTTP][39m [90m[39m
[35m[HTTP][39m [37m-->[39m [37mPOST[39m [37m/wd/hub/session/362f5878-5387-4933-a289-d1e9543046d0/elements[39m
[35m[HTTP][39m [90m{"using":"xpath","value":"//*[@class = 'android.widget.TextView' and (@text = 'YouTube Music' or . = 'YouTube Music') and @resource-id = 'com.fortysevendeg.android.swipelistview:id/example_row_tv_title']"}[39m
[35m[HTTP][39m [37m<-- POST /wd/hub/session/362f5878-5387-4933-a289-d1e9543046d0/elements [39m[32m200[39m [90m292 ms - 139[39m
[35m[HTTP][39m [90m[39m
[35m[HTTP][39m [37m-->[39m [37mPOST[39m [37m/wd/hub/session/362f5878-5387-4933-a289-d1e9543046d0/elements[39m
[35m[HTTP][39m [90m{"using":"xpath","value":"//*[@class = 'android.widget.TextView' and (@text = 'YouTube Music' or . = 'YouTube Music') and @resource-id = 'com.fortysevendeg.android.swipelistview:id/example_row_tv_title']"}[39m
[35m[HTTP][39m [37m<-- POST /wd/hub/session/362f5878-5387-4933-a289-d1e9543046d0/elements [39m[32m200[39m [90m225 ms - 139[39m
[35m[HTTP][39m [90m[39m
[35m[HTTP][39m [37m-->[39m [37mGET[39m [37m/wd/hub/session/362f5878-5387-4933-a289-d1e9543046d0/source[39m
[35m[HTTP][39m [90m{}[39m
[35m[W3C (362f5878)][39m Driver proxy active, passing request on via HTTP proxy
[35m[WD Proxy][39m Replacing sessionId f46f0cbd-6fa0-4ed6-aec3-efa2a8f79724 with 362f5878-5387-4933-a289-d1e9543046d0
[35m[HTTP][39m [37m<-- GET /wd/hub/session/362f5878-5387-4933-a289-d1e9543046d0/source [39m[32m200[39m [90m109 ms - 41597[39m
[35m[HTTP][39m [90m[39m
[35m[HTTP][39m [37m-->[39m [37mGET[39m [37m/wd/hub/session/362f5878-5387-4933-a289-d1e9543046d0/screenshot[39m
[35m[HTTP][39m [90m{}[39m
[35m[HTTP][39m [37m<-- GET /wd/hub/session/362f5878-5387-4933-a289-d1e9543046d0/screenshot [39m[32m200[39m [90m373 ms - 307452[39m
[35m[HTTP][39m [90m[39m
[35m[HTTP][39m [37m-->[39m [37mPOST[39m [37m/wd/hub/session/362f5878-5387-4933-a289-d1e9543046d0/elements[39m
[35m[HTTP][39m [90m{"using":"xpath","value":"//*[@class = 'android.widget.ImageView' and @resource-id = 'com.fortysevendeg.android.swipelistview:id/example_row_iv_image' and (@text = '' or . = '')]"}[39m
[35m[HTTP][39m [37m<-- POST /wd/hub/session/362f5878-5387-4933-a289-d1e9543046d0/elements [39m[32m200[39m [90m54 ms - 1035[39m
[35m[HTTP][39m [90m[39m
[35m[HTTP][39m [37m-->[39m [37mPOST[39m [37m/wd/hub/session/362f5878-5387-4933-a289-d1e9543046d0/elements[39m
[35m[HTTP][39m [90m{"using":"id","value":"com.fortysevendeg.android.swipelistview:id/example_row_iv_image"}[39m
[35m[HTTP][39m [37m<-- POST /wd/hub/session/362f5878-5387-4933-a289-d1e9543046d0/elements [39m[32m200[39m [90m21 ms - 1035[39m
[35m[HTTP][39m [90m[39m
[35m[HTTP][39m [37m-->[39m [37mPOST[39m [37m/wd/hub/session/362f5878-5387-4933-a289-d1e9543046d0/elements[39m
[35m[HTTP][39m [90m{"using":"-android uiautomator","value":"new UiSelector().className(\"android.widget.ImageView\").resourceId(\"com.fortysevendeg.android.swipelistview:id/example_row_iv_image\")"}[39m
[35m[HTTP][39m [37m<-- POST /wd/hub/session/362f5878-5387-4933-a289-d1e9543046d0/elements [39m[32m200[39m [90m42 ms - 1035[39m
[35m[HTTP][39m [90m[39m
[35m[HTTP][39m [37m-->[39m [37mPOST[39m [37m/wd/hub/session/362f5878-5387-4933-a289-d1e9543046d0/elements[39m
[35m[HTTP][39m [90m{"using":"xpath","value":"//*[@class = 'android.widget.TextView' and (@text = 'Android Auto' or . = 'Android Auto') and @resource-id = 'com.fortysevendeg.android.swipelistview:id/example_row_tv_title']"}[39m
[35m[HTTP][39m [37m<-- POST /wd/hub/session/362f5878-5387-4933-a289-d1e9543046d0/elements [39m[32m200[39m [90m54 ms - 139[39m
[35m[HTTP][39m [90m[39m
[35m[HTTP][39m [37m-->[39m [37mDELETE[39m [37m/wd/hub/session/362f5878-5387-4933-a289-d1e9543046d0[39m
[35m[HTTP][39m [90m{}[39m
[35m[Appium][39m Removing session 362f5878-5387-4933-a289-d1e9543046d0 from our master session list
[35m[UiAutomator2][39m Restoring hidden api policy to the device default configuration
[35m[HTTP][39m [37m<-- DELETE /wd/hub/session/362f5878-5387-4933-a289-d1e9543046d0 [39m[32m200[39m [90m144 ms - 14[39m
[35m[HTTP][39m [90m[39m
